Pig Stack Trace
---------------
ERROR 101: file 'EvalFuncTest-0.0.1-SNAPSHOT.jar' does not exist.

org.apache.pig.backend.executionengine.ExecException: ERROR 101: file 'EvalFuncTest-0.0.1-SNAPSHOT.jar' does not exist.
	at org.apache.pig.impl.io.FileLocalizer.fetchFilesInternal(FileLocalizer.java:794)
	at org.apache.pig.impl.io.FileLocalizer.fetchFiles(FileLocalizer.java:746)
	at org.apache.pig.PigServer.registerJar(PigServer.java:460)
	at org.apache.pig.tools.grunt.GruntParser.processRegister(GruntParser.java:433)
	at org.apache.pig.tools.pigscript.parser.PigScriptParser.parse(PigScriptParser.java:445)
	at org.apache.pig.tools.grunt.GruntParser.parseStopOnError(GruntParser.java:194)
	at org.apache.pig.tools.grunt.GruntParser.parseStopOnError(GruntParser.java:170)
	at org.apache.pig.tools.grunt.Grunt.run(Grunt.java:69)
	at org.apache.pig.Main.run(Main.java:538)
	at org.apache.pig.Main.main(Main.java:157)
	at sun.reflect.NativeMethodAccessorImpl.invoke0(Native Method)
	at sun.reflect.NativeMethodAccessorImpl.invoke(NativeMethodAccessorImpl.java:57)
	at sun.reflect.DelegatingMethodAccessorImpl.invoke(DelegatingMethodAccessorImpl.java:43)
	at java.lang.reflect.Method.invoke(Method.java:606)
	at org.apache.hadoop.util.RunJar.main(RunJar.java:208)
================================================================================
Backend error message during job submission
-------------------------------------------
org.apache.pig.backend.executionengine.ExecException: ERROR 2118: Input path does not exist: file:/root/pig/output/empout/pig/input/Employees.txt
	at org.apache.pig.backend.hadoop.executionengine.mapReduceLayer.PigInputFormat.getSplits(PigInputFormat.java:288)
	at org.apache.hadoop.mapred.JobClient.writeNewSplits(JobClient.java:1107)
	at org.apache.hadoop.mapred.JobClient.writeSplits(JobClient.java:1124)
	at org.apache.hadoop.mapred.JobClient.access$600(JobClient.java:178)
	at org.apache.hadoop.mapred.JobClient$2.run(JobClient.java:1023)
	at org.apache.hadoop.mapred.JobClient$2.run(JobClient.java:976)
	at java.security.AccessController.doPrivileged(Native Method)
	at javax.security.auth.Subject.doAs(Subject.java:415)
	at org.apache.hadoop.security.UserGroupInformation.doAs(UserGroupInformation.java:1438)
	at org.apache.hadoop.mapred.JobClient.submitJobInternal(JobClient.java:976)
	at org.apache.hadoop.mapreduce.Job.submit(Job.java:582)
	at org.apache.hadoop.mapreduce.lib.jobcontrol.ControlledJob.submit(ControlledJob.java:319)
	at org.apache.hadoop.mapreduce.lib.jobcontrol.JobControl.startReadyJobs(JobControl.java:239)
	at org.apache.hadoop.mapreduce.lib.jobcontrol.JobControl.run(JobControl.java:270)
	at org.apache.pig.backend.hadoop23.PigJobControl.run(PigJobControl.java:160)
	at java.lang.Thread.run(Thread.java:745)
	at org.apache.pig.backend.hadoop.executionengine.mapReduceLayer.MapReduceLauncher$1.run(MapReduceLauncher.java:257)
Caused by: org.apache.hadoop.mapreduce.lib.input.InvalidInputException: Input path does not exist: file:/root/pig/output/empout/pig/input/Employees.txt
	at org.apache.hadoop.mapreduce.lib.input.FileInputFormat.listStatus(FileInputFormat.java:231)
	at org.apache.pig.backend.hadoop.executionengine.mapReduceLayer.PigTextInputFormat.listStatus(PigTextInputFormat.java:36)
	at org.apache.hadoop.mapreduce.lib.input.FileInputFormat.getSplits(FileInputFormat.java:248)
	at org.apache.pig.backend.hadoop.executionengine.mapReduceLayer.PigInputFormat.getSplits(PigInputFormat.java:274)
	... 16 more

Pig Stack Trace
---------------
ERROR 1066: Unable to open iterator for alias GROUPALL

org.apache.pig.impl.logicalLayer.FrontendException: ERROR 1066: Unable to open iterator for alias GROUPALL
	at org.apache.pig.PigServer.openIterator(PigServer.java:838)
	at org.apache.pig.tools.grunt.GruntParser.processDump(GruntParser.java:696)
	at org.apache.pig.tools.pigscript.parser.PigScriptParser.parse(PigScriptParser.java:320)
	at org.apache.pig.tools.grunt.GruntParser.parseStopOnError(GruntParser.java:194)
	at org.apache.pig.tools.grunt.GruntParser.parseStopOnError(GruntParser.java:170)
	at org.apache.pig.tools.grunt.Grunt.run(Grunt.java:69)
	at org.apache.pig.Main.run(Main.java:538)
	at org.apache.pig.Main.main(Main.java:157)
	at sun.reflect.NativeMethodAccessorImpl.invoke0(Native Method)
	at sun.reflect.NativeMethodAccessorImpl.invoke(NativeMethodAccessorImpl.java:57)
	at sun.reflect.DelegatingMethodAccessorImpl.invoke(DelegatingMethodAccessorImpl.java:43)
	at java.lang.reflect.Method.invoke(Method.java:606)
	at org.apache.hadoop.util.RunJar.main(RunJar.java:208)
Caused by: java.io.IOException: Job terminated with anomalous status FAILED
	at org.apache.pig.PigServer.openIterator(PigServer.java:830)
	... 12 more
================================================================================
